<?xml version="1.0" encoding="UTF-8"?>
<testng-results ignored="0" total="1" passed="1" failed="0" skipped="0">
  <reporter-output>
  </reporter-output>
  <suite started-at="2022-07-22T10:50:29 GMT-05:00" name="nopCommerce" finished-at="2022-07-22T10:52:48 GMT-05:00" duration-ms="138377">
    <groups>
    </groups>
    <test started-at="2022-07-22T10:50:29 GMT-05:00" name="Test3" finished-at="2022-07-22T10:52:48 GMT-05:00" duration-ms="138377">
      <class name="com.nopcommerce.testCases.TC_AddCustomerTest_003">
        <test-method is-config="true" signature="setup(java.lang.String)[pri:0, instance:com.nopcommerce.testCases.TC_AddCustomerTest_003@6c45ee6e]" started-at="2022-07-22T10:50:31 GMT-05:00" name="setup" finished-at="2022-07-22T10:51:45 GMT-05:00" duration-ms="73752" status="PASS">
          <params>
            <param index="0">
              <value>
                <![CDATA[firefox]]>
              </value>
            </param>
          </params>
          <reporter-output>
          </reporter-output>
        </test-method> <!-- setup -->
        <test-method signature="addNewCustomer()[pri:0, instance:com.nopcommerce.testCases.TC_AddCustomerTest_003@6c45ee6e]" started-at="2022-07-22T10:51:45 GMT-05:00" name="addNewCustomer" finished-at="2022-07-22T10:52:42 GMT-05:00" duration-ms="57028" status="PASS">
          <reporter-output>
          </reporter-output>
        </test-method> <!-- addNewCustomer -->
        <test-method is-config="true" signature="tearDown()[pri:0, instance:com.nopcommerce.testCases.TC_AddCustomerTest_003@6c45ee6e]" started-at="2022-07-22T10:52:42 GMT-05:00" name="tearDown" finished-at="2022-07-22T10:52:48 GMT-05:00" duration-ms="5608" status="PASS">
          <reporter-output>
          </reporter-output>
        </test-method> <!-- tearDown -->
      </class> <!-- com.nopcommerce.testCases.TC_AddCustomerTest_003 -->
    </test> <!-- Test3 -->
  </suite> <!-- nopCommerce -->
</testng-results>
